<?xml version="1.0" encoding="UTF-8"?>
<!-- Generated by org.testng.reporters.JUnitReportReporter -->
<testsuite skipped="0" hostname="LAPTOP-GT6VSVAU" name="TestScript.demooo" tests="1" failures="0" timestamp="2021-04-24T15:09:24 IST" time="0.013" errors="0">
  <testcase name="add" time="0.013" classname="TestScript.demooo"/>
  <system-out>
hello java  </system-out>
</testsuite> <!-- TestScript.demooo -->
