<?xml version="1.0" encoding="UTF-8"?>
<!-- Generated by org.testng.reporters.JUnitReportReporter -->
<testsuite skipped="0" hostname="LAPTOP-GT6VSVAU" name="Batch.Sample1" tests="1" failures="0" timestamp="2021-04-30T10:12:36 IST" time="0.026" errors="0">
  <testcase name="batch2" time="0.026" classname="Batch.Sample1"/>
  <system-out>
test 2  </system-out>
</testsuite> <!-- Batch.Sample1 -->
