<?xml version="1.0" encoding="UTF-8"?>
<!-- Generated by org.testng.reporters.JUnitReportReporter -->
<testsuite skipped="0" hostname="LAPTOP-GT6VSVAU" name="Batch.Sample4" tests="1" failures="0" timestamp="2021-04-30T10:12:36 IST" time="0.021" errors="0">
  <testcase name="batch4" time="0.021" classname="Batch.Sample4"/>
  <system-out>
test 4  </system-out>
</testsuite> <!-- Batch.Sample4 -->
