<?xml version="1.0" encoding="UTF-8"?>
<!-- Generated by org.testng.reporters.JUnitReportReporter -->
<testsuite skipped="0" hostname="LAPTOP-GT6VSVAU" name="Batch.test" tests="5" failures="0" timestamp="2021-04-30T15:16:57 IST" time="167.350" errors="0">
  <testcase name="sample" time="33.247" classname="Batch.test"/>
  <system-out/>
  <testcase name="sample" time="34.720" classname="Batch.test"/>
  <system-out/>
  <testcase name="sample" time="32.581" classname="Batch.test"/>
  <system-out/>
  <testcase name="sample" time="33.342" classname="Batch.test"/>
  <system-out/>
  <testcase name="sample" time="33.460" classname="Batch.test"/>
  <system-out/>
</testsuite> <!-- Batch.test -->
