<?xml version="1.0" encoding="UTF-8"?>
<!-- Generated by org.testng.reporters.JUnitReportReporter -->
<testsuite skipped="0" hostname="LAPTOP-GT6VSVAU" name="TestScript.twodimdataprovider" tests="5" failures="0" timestamp="2021-04-30T17:13:20 IST" time="0.019" errors="0">
  <testcase name="data1" time="0.004" classname="TestScript.twodimdataprovider"/>
  <system-out>
bye hbd ytfjy7  </system-out>
  <testcase name="data1" time="0.002" classname="TestScript.twodimdataprovider"/>
  <system-out>
dhhyf null null  </system-out>
  <testcase name="data1" time="0.010" classname="TestScript.twodimdataprovider"/>
  <system-out>
hi vjgif hyjhy  </system-out>
  <testcase name="data1" time="0.002" classname="TestScript.twodimdataprovider"/>
  <system-out>
bgd null null  </system-out>
  <testcase name="data1" time="0.001" classname="TestScript.twodimdataprovider"/>
  <system-out>
hde null null  </system-out>
</testsuite> <!-- TestScript.twodimdataprovider -->
