<?xml version="1.0" encoding="UTF-8"?>
<!-- Generated by org.testng.reporters.JUnitReportReporter -->
<testsuite skipped="0" hostname="LAPTOP-GT6VSVAU" name="TestScript.Priority" tests="3" failures="0" timestamp="2021-04-26T07:26:27 IST" time="0.017" errors="0">
  <testcase name="prio" time="0.011" classname="TestScript.Priority"/>
  <system-out>
hi  </system-out>
  <testcase name="prio1" time="0.005" classname="TestScript.Priority"/>
  <system-out>
hello  </system-out>
  <testcase name="prio2" time="0.001" classname="TestScript.Priority"/>
  <system-out>
bye  </system-out>
</testsuite> <!-- TestScript.Priority -->
