<?xml version="1.0" encoding="UTF-8"?>
<!-- Generated by org.testng.reporters.JUnitReportReporter -->
<testsuite skipped="0" hostname="LAPTOP-GT6VSVAU" name="TestScript.invocationCount" tests="4" failures="0" timestamp="2021-04-26T07:32:31 IST" time="0.021" errors="0">
  <testcase name="sample2" time="0.009" classname="TestScript.invocationCount"/>
  <system-out>
bye  </system-out>
  <testcase name="sample2" time="0.003" classname="TestScript.invocationCount"/>
  <system-out>
bye  </system-out>
  <testcase name="sample" time="0.004" classname="TestScript.invocationCount"/>
  <system-out>
hello  </system-out>
  <testcase name="sample" time="0.005" classname="TestScript.invocationCount"/>
  <system-out>
hello  </system-out>
</testsuite> <!-- TestScript.invocationCount -->
