<?xml version="1.0" encoding="UTF-8"?>
<!-- Generated by org.testng.reporters.JUnitReportReporter -->
<testsuite skipped="0" hostname="LAPTOP-GT6VSVAU" name="TestScript.configurationAnnotation" tests="1" failures="0" timestamp="2021-04-26T08:08:27 IST" time="0.006" errors="0">
  <testcase name="confTest" time="0.006" classname="TestScript.configurationAnnotation"/>
  <system-out>
test is running  </system-out>
</testsuite> <!-- TestScript.configurationAnnotation -->
