<?xml version="1.0" encoding="UTF-8"?>
<!-- Generated by org.testng.reporters.JUnitReportReporter -->
<testsuite skipped="0" hostname="LAPTOP-GT6VSVAU" name="TestScript.Bye" tests="3" failures="0" timestamp="2021-04-30T19:23:31 IST" time="0.015" errors="0">
  <testcase name="disp2" time="0.002" classname="TestScript.Bye"/>
  <system-out>
hello  </system-out>
  <testcase name="disp2" time="0.012" classname="TestScript.Bye"/>
  <system-out>
hi  </system-out>
  <testcase name="disp2" time="0.001" classname="TestScript.Bye"/>
  <system-out>
bye  </system-out>
</testsuite> <!-- TestScript.Bye -->
