<?xml version="1.0" encoding="UTF-8"?>
<!-- Generated by org.testng.reporters.JUnitReportReporter -->
<testsuite skipped="0" hostname="LAPTOP-GT6VSVAU" name="TestScript.data" tests="4" failures="0" timestamp="2021-04-30T22:16:20 IST" time="0.011" errors="0">
  <testcase name="sample1" time="0.008" classname="TestScript.data"/>
  <system-out>
heloooo  </system-out>
  <testcase name="sample1" time="0.000" classname="TestScript.data"/>
  <system-out>
heloooo  </system-out>
  <testcase name="sample1" time="0.002" classname="TestScript.data"/>
  <system-out>
heloooo  </system-out>
  <testcase name="sample1" time="0.001" classname="TestScript.data"/>
  <system-out>
heloooo  </system-out>
</testsuite> <!-- TestScript.data -->
