<?xml version="1.0" encoding="UTF-8"?>
<!-- Generated by org.testng.reporters.JUnitReportReporter -->
<testsuite skipped="0" hostname="LAPTOP-GT6VSVAU" name="Batch2.demo" tests="1" failures="0" timestamp="2021-04-27T12:04:24 IST" time="0.002" errors="0">
  <testcase name="sample" time="0.002" classname="Batch2.demo"/>
  <system-out>
group one  </system-out>
</testsuite> <!-- Batch2.demo -->
