<?xml version="1.0" encoding="UTF-8"?>
<!-- Generated by org.testng.reporters.JUnitReportReporter -->
<testsuite skipped="0" hostname="LAPTOP-GT6VSVAU" name="TestScript.helloo" tests="1" failures="0" timestamp="2021-04-24T15:08:14 IST" time="0.011" errors="0">
  <testcase name="demo" time="0.011" classname="TestScript.helloo"/>
  <system-out>
testNG is added successfully  </system-out>
</testsuite> <!-- TestScript.helloo -->
