<?xml version="1.0" encoding="UTF-8"?>
<!-- Generated by org.testng.reporters.JUnitReportReporter -->
<testsuite skipped="0" hostname="LAPTOP-GT6VSVAU" name="TestScript.DependsOnMethods" tests="3" failures="0" timestamp="2021-04-27T08:47:56 IST" time="0.017" errors="0">
  <testcase name="sample1" time="0.002" classname="TestScript.DependsOnMethods"/>
  <system-out>
hello  </system-out>
  <testcase name="sample" time="0.011" classname="TestScript.DependsOnMethods"/>
  <system-out>
hi  </system-out>
  <testcase name="sample2" time="0.004" classname="TestScript.DependsOnMethods"/>
  <system-out>
bye  </system-out>
</testsuite> <!-- TestScript.DependsOnMethods -->
