<?xml version="1.0" encoding="UTF-8"?>
<!-- Generated by org.testng.reporters.JUnitReportReporter -->
<testsuite skipped="0" hostname="LAPTOP-GT6VSVAU" name="TestScript.Thread" tests="2" failures="0" timestamp="2021-04-27T13:59:26 IST" time="33.201" errors="0">
  <testcase name="sample" time="17.721" classname="TestScript.Thread"/>
  <system-out/>
  <testcase name="sample" time="15.480" classname="TestScript.Thread"/>
  <system-out/>
</testsuite> <!-- TestScript.Thread -->
