<?xml version="1.0" encoding="UTF-8"?>
<!-- Generated by org.testng.reporters.JUnitReportReporter -->
<testsuite skipped="0" hostname="LAPTOP-GT6VSVAU" name="Batch.Demo" tests="3" failures="0" timestamp="2021-04-30T19:28:28 IST" time="0.015" errors="0">
  <testcase name="test1" time="0.002" classname="Batch.Demo"/>
  <system-out>
hello  </system-out>
  <testcase name="test2" time="0.001" classname="Batch.Demo"/>
  <system-out>
bye  </system-out>
  <testcase name="test" time="0.012" classname="Batch.Demo"/>
  <system-out>
hi  </system-out>
</testsuite> <!-- Batch.Demo -->
