<?xml version="1.0" encoding="UTF-8"?>
<!-- Generated by org.testng.reporters.JUnitReportReporter -->
<testsuite skipped="0" hostname="LAPTOP-GT6VSVAU" name="TestScript.Excel1" tests="5" failures="0" timestamp="2021-04-27T09:54:31 IST" time="0.049" errors="0">
  <testcase name="sample" time="0.004" classname="TestScript.Excel1"/>
  <system-out>
bye hbd ytfjy7  </system-out>
  <testcase name="sample" time="0.005" classname="TestScript.Excel1"/>
  <system-out>
dhhyf null null  </system-out>
  <testcase name="sample" time="0.021" classname="TestScript.Excel1"/>
  <system-out>
hi vjgif hyjhy  </system-out>
  <testcase name="sample" time="0.002" classname="TestScript.Excel1"/>
  <system-out>
bgd null null  </system-out>
  <testcase name="sample" time="0.017" classname="TestScript.Excel1"/>
  <system-out>
hde null null  </system-out>
</testsuite> <!-- TestScript.Excel1 -->
