<?xml version="1.0" encoding="UTF-8"?>
<!-- Generated by org.testng.reporters.JUnitReportReporter -->
<testsuite skipped="0" hostname="LAPTOP-GT6VSVAU" name="Batch.Sample" tests="1" failures="0" timestamp="2021-04-30T10:12:36 IST" time="0.025" errors="0">
  <testcase name="batch1" time="0.025" classname="Batch.Sample"/>
  <system-out>
Datapassesfromxml test 1  </system-out>
</testsuite> <!-- Batch.Sample -->
