<?xml version="1.0" encoding="UTF-8"?>
<!-- Generated by org.testng.reporters.JUnitReportReporter -->
<testsuite skipped="0" hostname="LAPTOP-GT6VSVAU" name="Batch2.demo2" tests="1" failures="0" timestamp="2021-04-27T12:04:24 IST" time="0.014" errors="0">
  <testcase name="sample2" time="0.014" classname="Batch2.demo2"/>
  <system-out>
group three  </system-out>
</testsuite> <!-- Batch2.demo2 -->
