<?xml version="1.0" encoding="UTF-8"?>
<!-- Generated by org.testng.reporters.JUnitReportReporter -->
<testsuite skipped="1" hostname="LAPTOP-GT6VSVAU" name="TestScript.TimeoutandEnable" tests="2" failures="0" timestamp="2021-04-26T07:36:12 IST" time="0.015" errors="0">
  <testcase name="sample" time="0.015" classname="TestScript.TimeoutandEnable"/>
  <system-out>
hey  </system-out>
  <testcase name="sample1" classname="TestScript.TimeoutandEnable">
    <skipped/>
  </testcase> <!-- sample1 -->
  <system-out/>
</testsuite> <!-- TestScript.TimeoutandEnable -->
