<?xml version="1.0" encoding="UTF-8"?>
<!-- Generated by org.testng.reporters.JUnitReportReporter -->
<testsuite skipped="0" hostname="LAPTOP-GT6VSVAU" name="TestScript.dataa" tests="4" failures="0" timestamp="2021-04-30T16:35:56 IST" time="0.010" errors="0">
  <testcase name="samm" time="0.008" classname="TestScript.dataa"/>
  <system-out>
hi  </system-out>
  <testcase name="samm" time="0.001" classname="TestScript.dataa"/>
  <system-out>
hello  </system-out>
  <testcase name="samm" time="0.001" classname="TestScript.dataa"/>
  <system-out>
bye  </system-out>
  <testcase name="samm" time="0.000" classname="TestScript.dataa"/>
  <system-out>
yuuo  </system-out>
</testsuite> <!-- TestScript.dataa -->
